<?xml version="1.0" encoding="UTF-8"?>
<testng-results ignored="0" total="1" passed="0" failed="1" skipped="0">
  <reporter-output>
  </reporter-output>
  <suite started-at="2025-07-01T14:08:21 PDT" name="Default suite" finished-at="2025-07-01T14:08:28 PDT" duration-ms="7238">
    <groups>
    </groups>
    <test started-at="2025-07-01T14:08:21 PDT" name="Default test" finished-at="2025-07-01T14:08:28 PDT" duration-ms="7238">
      <class name="testcases.AddToFavouritesTest">
        <test-method is-config="true" signature="init()[pri:0, instance:testcases.AddToFavouritesTest@747ddf94]" started-at="2025-07-01T14:08:21 PDT" name="init" finished-at="2025-07-01T14:08:21 PDT" duration-ms="189" status="PASS">
          <reporter-output>
          </reporter-output>
        </test-method> <!-- init -->
        <test-method is-config="true" signature="initBrowserDriver(java.lang.reflect.Method)[pri:0, instance:testcases.AddToFavouritesTest@747ddf94]" started-at="2025-07-01T14:08:21 PDT" name="initBrowserDriver" finished-at="2025-07-01T14:08:25 PDT" duration-ms="3581" status="PASS">
          <params>
            <param index="0">
              <value>
                <![CDATA[public void testcases.AddToFavouritesTest.selectItem()]]>
              </value>
            </param>
          </params>
          <reporter-output>
          </reporter-output>
        </test-method> <!-- initBrowserDriver -->
        <test-method signature="selectItem()[pri:0, instance:testcases.AddToFavouritesTest@747ddf94]" started-at="2025-07-01T14:08:25 PDT" name="selectItem" finished-at="2025-07-01T14:08:27 PDT" duration-ms="2753" status="FAIL">
          <exception class="java.lang.AssertionError">
            <message>
              <![CDATA[expected [Unauthorized, can not add product to your favorite list.] but found []]]>
            </message>
            <full-stacktrace>
              <![CDATA[java.lang.AssertionError: expected [Unauthorized, can not add product to your favorite list.] but found []
at org.testng.Assert.fail(Assert.java:111)
at org.testng.Assert.failNotEquals(Assert.java:1578)
at org.testng.Assert.assertEqualsImpl(Assert.java:150)
at org.testng.Assert.assertEquals(Assert.java:132)
at org.testng.Assert.assertEquals(Assert.java:656)
at org.testng.Assert.assertEquals(Assert.java:666)
at testcases.AddToFavouritesTest.selectItem(AddToFavouritesTest.java:15)
at java.base/jdk.internal.reflect.DirectMethodHandleAccessor.invoke(DirectMethodHandleAccessor.java:103)
at java.base/java.lang.reflect.Method.invoke(Method.java:580)
at org.testng.internal.invokers.MethodInvocationHelper.invokeMethod(MethodInvocationHelper.java:139)
at org.testng.internal.invokers.TestInvoker.invokeMethod(TestInvoker.java:664)
at org.testng.internal.invokers.TestInvoker.invokeTestMethod(TestInvoker.java:228)
at org.testng.internal.invokers.MethodRunner.runInSequence(MethodRunner.java:63)
at org.testng.internal.invokers.TestInvoker$MethodInvocationAgent.invoke(TestInvoker.java:961)
at org.testng.internal.invokers.TestInvoker.invokeTestMethods(TestInvoker.java:201)
at org.testng.internal.invokers.TestMethodWorker.invokeTestMethods(TestMethodWorker.java:148)
at org.testng.internal.invokers.TestMethodWorker.run(TestMethodWorker.java:128)
at java.base/java.util.ArrayList.forEach(ArrayList.java:1596)
at org.testng.TestRunner.privateRun(TestRunner.java:819)
at org.testng.TestRunner.run(TestRunner.java:619)
at org.testng.SuiteRunner.runTest(SuiteRunner.java:443)
at org.testng.SuiteRunner.runSequentially(SuiteRunner.java:437)
at org.testng.SuiteRunner.privateRun(SuiteRunner.java:397)
at org.testng.SuiteRunner.run(SuiteRunner.java:336)
at org.testng.SuiteRunnerWorker.runSuite(SuiteRunnerWorker.java:52)
at org.testng.SuiteRunnerWorker.run(SuiteRunnerWorker.java:95)
at org.testng.TestNG.runSuitesSequentially(TestNG.java:1301)
at org.testng.TestNG.runSuitesLocally(TestNG.java:1228)
at org.testng.TestNG.runSuites(TestNG.java:1134)
at org.testng.TestNG.run(TestNG.java:1101)
at org.testng.remote.AbstractRemoteTestNG.run(AbstractRemoteTestNG.java:115)
at org.testng.remote.RemoteTestNG.initAndRun(RemoteTestNG.java:293)
at org.testng.remote.RemoteTestNG.main(RemoteTestNG.java:91)
]]>
            </full-stacktrace>
          </exception> <!-- java.lang.AssertionError -->
          <reporter-output>
          </reporter-output>
        </test-method> <!-- selectItem -->
        <test-method is-config="true" signature="endTest(org.testng.ITestResult)[pri:0, instance:testcases.AddToFavouritesTest@747ddf94]" started-at="2025-07-01T14:08:27 PDT" name="endTest" finished-at="2025-07-01T14:08:28 PDT" duration-ms="877" status="PASS">
          <params>
            <param index="0">
              <value>
                <![CDATA[[TestResult name=selectItem status=FAILURE method=AddToFavouritesTest.selectItem()[pri:0, instance:testcases.AddToFavouritesTest@747ddf94] output={null}]]]>
              </value>
            </param>
          </params>
          <reporter-output>
          </reporter-output>
        </test-method> <!-- endTest -->
        <test-method is-config="true" signature="tearDown()[pri:0, instance:testcases.AddToFavouritesTest@747ddf94]" started-at="2025-07-01T14:08:28 PDT" name="tearDown" finished-at="2025-07-01T14:08:29 PDT" duration-ms="234" status="PASS">
          <reporter-output>
          </reporter-output>
        </test-method> <!-- tearDown -->
      </class> <!-- testcases.AddToFavouritesTest -->
    </test> <!-- Default test -->
  </suite> <!-- Default suite -->
</testng-results>
